<?xml version="1.0" encoding="UTF-8"?>
<testsuite name="ValidatorTests" tests="2" skipped="0" failures="0" errors="0" timestamp="2024-03-11T10:48:56" hostname="DESKTOP-32D15JA" time="0.02">
  <properties/>
  <testcase name="Angajat Validator test" classname="ValidatorTests" time="0.015"/>
  <testcase name="Spectacol validator test" classname="ValidatorTests" time="0.004"/>
  <system-out><![CDATA[]]></system-out>
  <system-err><![CDATA[]]></system-err>
</testsuite>
