<?xml version="1.0" encoding="UTF-8"?>
<testsuite name="ModelTests" tests="2" skipped="0" failures="0" errors="0" timestamp="2024-03-11T10:48:56" hostname="DESKTOP-32D15JA" time="0.003">
  <properties/>
  <testcase name="AngajatTests" classname="ModelTests" time="0.001"/>
  <testcase name="SpectacolTests" classname="ModelTests" time="0.001"/>
  <system-out><![CDATA[]]></system-out>
  <system-err><![CDATA[]]></system-err>
</testsuite>
